<?xml version="1.0" encoding="UTF-8"?>
<!-- Generated by org.testng.reporters.JUnitXMLReporter -->
<testsuite ignored="0" hostname="DESKTOP-GS4GS10" failures="0" tests="3" name="Add new Task" time="91.815" errors="0" timestamp="2025-04-30T14:39:03 PKT">
  <testcase classname="tasktracker.tests.login.homepage.AddNewTaskTest" name="testNewTask" time="9.539"/>
  <testcase classname="tasktracker.tests.login.homepage.AddNewTaskTest" name="testNewTask" time="9.28"/>
  <testcase classname="tasktracker.tests.login.homepage.AddNewTaskTest" name="testNewTask" time="9.375"/>
</testsuite> <!-- Add new Task -->
