<?xml version="1.0" encoding="UTF-8"?>
<testsuite xmlns:xsi="http://www.w3.org/2001/XMLSchema-instance" xsi:noNamespaceSchemaLocation="https://maven.apache.org/surefire/maven-surefire-plugin/xsd/surefire-test-report-3.0.xsd" version="3.0" name="TestSuite" time="178.88" tests="5" errors="0" skipped="0" failures="0">
  <properties>
[...]
</properties>
  <testcase name="testNewTask[TestClient, T001, 5, 20, It is just for testing purposes, Daniyal, Moiz, Bilal, Help Desk, Calls, Just testing notes, Duration Period](1)" classname="tasktracker.tests.login.homepage.AddNewTaskTest" time="9.546">
    <system-out><![CDATA[[[ChromeDriver: chrome on windows (613d89d1d561f299dedfbdd1ef0ab111)] -> id: user_id]
[[ChromeDriver: chrome on windows (613d89d1d561f299dedfbdd1ef0ab111)] -> id: user_id]
[[ChromeDriver: chrome on windows (613d89d1d561f299dedfbdd1ef0ab111)] -> id: password]
[[ChromeDriver: chrome on windows (613d89d1d561f299dedfbdd1ef0ab111)] -> id: password]
[[ChromeDriver: chrome on windows (613d89d1d561f299dedfbdd1ef0ab111)] -> xpath: //button[@type='submit']]
seconds:5locator: By.xpath: //div[@id='root']//button[text()='Add New Task']
[[ChromeDriver: chrome on windows (613d89d1d561f299dedfbdd1ef0ab111)] -> xpath: //div[@id='root']//button[text()='Add New Task']]
TestClient
seconds:1locator: By.id: clientGroup
[[ChromeDriver: chrome on windows (613d89d1d561f299dedfbdd1ef0ab111)] -> id: clientGroup]
[[ChromeDriver: chrome on windows (613d89d1d561f299dedfbdd1ef0ab111)] -> id: clientGroup]
task field
[[ChromeDriver: chrome on windows (613d89d1d561f299dedfbdd1ef0ab111)] -> id: projectId]
[[ChromeDriver: chrome on windows (613d89d1d561f299dedfbdd1ef0ab111)] -> id: projectId]
task field++
5
[[ChromeDriver: chrome on windows (613d89d1d561f299dedfbdd1ef0ab111)] -> id: timeHrs]
[[ChromeDriver: chrome on windows (613d89d1d561f299dedfbdd1ef0ab111)] -> id: timeHrs]
[[ChromeDriver: chrome on windows (613d89d1d561f299dedfbdd1ef0ab111)] -> id: timeMin]
[[ChromeDriver: chrome on windows (613d89d1d561f299dedfbdd1ef0ab111)] -> id: timeMin]
[[ChromeDriver: chrome on windows (613d89d1d561f299dedfbdd1ef0ab111)] -> id: projectDesc]
[[ChromeDriver: chrome on windows (613d89d1d561f299dedfbdd1ef0ab111)] -> id: projectDesc]
[[ChromeDriver: chrome on windows (613d89d1d561f299dedfbdd1ef0ab111)] -> id: teamMember]
[[ChromeDriver: chrome on windows (613d89d1d561f299dedfbdd1ef0ab111)] -> id: teamMember]
[[ChromeDriver: chrome on windows (613d89d1d561f299dedfbdd1ef0ab111)] -> id: notes]
[[ChromeDriver: chrome on windows (613d89d1d561f299dedfbdd1ef0ab111)] -> id: notes]
[[ChromeDriver: chrome on windows (613d89d1d561f299dedfbdd1ef0ab111)] -> xpath: //div[@id='exampleModalToggle']//button[text()='Submit']]
]]></system-out>
    <system-err><![CDATA[SLF4J: Failed to load class "org.slf4j.impl.StaticLoggerBinder".
SLF4J: Defaulting to no-operation (NOP) logger implementation
SLF4J: See http://www.slf4j.org/codes.html#StaticLoggerBinder for further details.
Apr 30, 2025 2:37:33 PM org.openqa.selenium.devtools.CdpVersionFinder findNearestMatch
WARNING: Unable to find an exact match for CDP version 135, returning the closest version; found: 131; Please update to a Selenium version that supports CDP version 135
]]></system-err>
  </testcase>
  <testcase name="testNewTask[TestClient, T002, 5, 20, It is just for testing purposes, Daniyal, Moiz, Bilal, Help Desk, Calls, Just testing notes, Duration Period](2)" classname="tasktracker.tests.login.homepage.AddNewTaskTest" time="9.287">
    <system-out><![CDATA[seconds:5locator: By.xpath: //div[@id='root']//button[text()='Add New Task']
[[ChromeDriver: chrome on windows (613d89d1d561f299dedfbdd1ef0ab111)] -> xpath: //div[@id='root']//button[text()='Add New Task']]
TestClient
seconds:1locator: By.id: clientGroup
[[ChromeDriver: chrome on windows (613d89d1d561f299dedfbdd1ef0ab111)] -> id: clientGroup]
[[ChromeDriver: chrome on windows (613d89d1d561f299dedfbdd1ef0ab111)] -> id: clientGroup]
task field
[[ChromeDriver: chrome on windows (613d89d1d561f299dedfbdd1ef0ab111)] -> id: projectId]
[[ChromeDriver: chrome on windows (613d89d1d561f299dedfbdd1ef0ab111)] -> id: projectId]
task field++
5
[[ChromeDriver: chrome on windows (613d89d1d561f299dedfbdd1ef0ab111)] -> id: timeHrs]
[[ChromeDriver: chrome on windows (613d89d1d561f299dedfbdd1ef0ab111)] -> id: timeHrs]
[[ChromeDriver: chrome on windows (613d89d1d561f299dedfbdd1ef0ab111)] -> id: timeMin]
[[ChromeDriver: chrome on windows (613d89d1d561f299dedfbdd1ef0ab111)] -> id: timeMin]
[[ChromeDriver: chrome on windows (613d89d1d561f299dedfbdd1ef0ab111)] -> id: projectDesc]
[[ChromeDriver: chrome on windows (613d89d1d561f299dedfbdd1ef0ab111)] -> id: projectDesc]
[[ChromeDriver: chrome on windows (613d89d1d561f299dedfbdd1ef0ab111)] -> id: teamMember]
[[ChromeDriver: chrome on windows (613d89d1d561f299dedfbdd1ef0ab111)] -> id: teamMember]
[[ChromeDriver: chrome on windows (613d89d1d561f299dedfbdd1ef0ab111)] -> id: notes]
[[ChromeDriver: chrome on windows (613d89d1d561f299dedfbdd1ef0ab111)] -> id: notes]
[[ChromeDriver: chrome on windows (613d89d1d561f299dedfbdd1ef0ab111)] -> xpath: //div[@id='exampleModalToggle']//button[text()='Submit']]
]]></system-out>
  </testcase>
  <testcase name="testNewTask[TestClient, T003, 5, 20, It is just for testing purposes, Daniyal, Moiz, Bilal, Help Desk, Calls, Just testing notes, Duration Period](3)" classname="tasktracker.tests.login.homepage.AddNewTaskTest" time="9.391">
    <system-out><![CDATA[seconds:5locator: By.xpath: //div[@id='root']//button[text()='Add New Task']
[[ChromeDriver: chrome on windows (613d89d1d561f299dedfbdd1ef0ab111)] -> xpath: //div[@id='root']//button[text()='Add New Task']]
TestClient
seconds:1locator: By.id: clientGroup
[[ChromeDriver: chrome on windows (613d89d1d561f299dedfbdd1ef0ab111)] -> id: clientGroup]
[[ChromeDriver: chrome on windows (613d89d1d561f299dedfbdd1ef0ab111)] -> id: clientGroup]
task field
[[ChromeDriver: chrome on windows (613d89d1d561f299dedfbdd1ef0ab111)] -> id: projectId]
[[ChromeDriver: chrome on windows (613d89d1d561f299dedfbdd1ef0ab111)] -> id: projectId]
task field++
5
[[ChromeDriver: chrome on windows (613d89d1d561f299dedfbdd1ef0ab111)] -> id: timeHrs]
[[ChromeDriver: chrome on windows (613d89d1d561f299dedfbdd1ef0ab111)] -> id: timeHrs]
[[ChromeDriver: chrome on windows (613d89d1d561f299dedfbdd1ef0ab111)] -> id: timeMin]
[[ChromeDriver: chrome on windows (613d89d1d561f299dedfbdd1ef0ab111)] -> id: timeMin]
[[ChromeDriver: chrome on windows (613d89d1d561f299dedfbdd1ef0ab111)] -> id: projectDesc]
[[ChromeDriver: chrome on windows (613d89d1d561f299dedfbdd1ef0ab111)] -> id: projectDesc]
[[ChromeDriver: chrome on windows (613d89d1d561f299dedfbdd1ef0ab111)] -> id: teamMember]
[[ChromeDriver: chrome on windows (613d89d1d561f299dedfbdd1ef0ab111)] -> id: teamMember]
[[ChromeDriver: chrome on windows (613d89d1d561f299dedfbdd1ef0ab111)] -> id: notes]
[[ChromeDriver: chrome on windows (613d89d1d561f299dedfbdd1ef0ab111)] -> id: notes]
[[ChromeDriver: chrome on windows (613d89d1d561f299dedfbdd1ef0ab111)] -> xpath: //div[@id='exampleModalToggle']//button[text()='Submit']]
]]></system-out>
  </testcase>
  <testcase name="editTask" classname="tasktracker.tests.login.homepage.EditTask" time="6.172">
    <system-out><![CDATA[[[ChromeDriver: chrome on windows (fe99e95f3dd7c2ac2aa232bfdf9606c7)] -> id: user_id]
[[ChromeDriver: chrome on windows (fe99e95f3dd7c2ac2aa232bfdf9606c7)] -> id: user_id]
[[ChromeDriver: chrome on windows (fe99e95f3dd7c2ac2aa232bfdf9606c7)] -> id: password]
[[ChromeDriver: chrome on windows (fe99e95f3dd7c2ac2aa232bfdf9606c7)] -> id: password]
[[ChromeDriver: chrome on windows (fe99e95f3dd7c2ac2aa232bfdf9606c7)] -> xpath: //button[@type='submit']]
seconds:2locator: By.xpath: //div[@id='root']//table//td[text()='T002']//following::span[text()='Edit']
[[ChromeDriver: chrome on windows (fe99e95f3dd7c2ac2aa232bfdf9606c7)] -> xpath: //div[@id='root']//table//td[text()='T002']//following::span[text()='Edit']]
seconds:5locator: By.xpath: //div[@id='exampleModalToggle2']//input[@id='timeHrs']
[[ChromeDriver: chrome on windows (fe99e95f3dd7c2ac2aa232bfdf9606c7)] -> xpath: //div[@id='exampleModalToggle2']//input[@id='timeHrs']]
[[ChromeDriver: chrome on windows (fe99e95f3dd7c2ac2aa232bfdf9606c7)] -> xpath: //div[@id='exampleModalToggle2']//input[@id='timeHrs']]
]]></system-out>
    <system-err><![CDATA[Apr 30, 2025 2:39:04 PM org.openqa.selenium.devtools.CdpVersionFinder findNearestMatch
WARNING: Unable to find an exact match for CDP version 135, returning the closest version; found: 131; Please update to a Selenium version that supports CDP version 135
]]></system-err>
  </testcase>
  <testcase name="deleteTask" classname="tasktracker.tests.login.homepage.DeleteTask" time="5.266">
    <system-out><![CDATA[[[ChromeDriver: chrome on windows (c682492465c76f58395b610d07df3224)] -> id: user_id]
[[ChromeDriver: chrome on windows (c682492465c76f58395b610d07df3224)] -> id: user_id]
[[ChromeDriver: chrome on windows (c682492465c76f58395b610d07df3224)] -> id: password]
[[ChromeDriver: chrome on windows (c682492465c76f58395b610d07df3224)] -> id: password]
[[ChromeDriver: chrome on windows (c682492465c76f58395b610d07df3224)] -> xpath: //button[@type='submit']]
seconds:2locator: By.xpath: //div[@id='root']//table//td[text()='T002']//following::span[text()='Del']
[[ChromeDriver: chrome on windows (c682492465c76f58395b610d07df3224)] -> xpath: //div[@id='root']//table//td[text()='T002']//following::span[text()='Del']]
seconds:2locator: By.xpath: //div[@id='root']//table//td[text()='T002']//following::span[text()='Del']
By.xpath: //div[@id='root']//div[@id='exampleModal4']//div[@class='modal-footer']//button[text()='Confirm']
]]></system-out>
    <system-err><![CDATA[Apr 30, 2025 2:39:50 PM org.openqa.selenium.devtools.CdpVersionFinder findNearestMatch
WARNING: Unable to find an exact match for CDP version 135, returning the closest version; found: 131; Please update to a Selenium version that supports CDP version 135
]]></system-err>
  </testcase>
</testsuite>