<?xml version="1.0" encoding="UTF-8"?>
<!-- Generated by org.testng.reporters.JUnitReportReporter -->
<testsuite hostname="DESKTOP-GS4GS10" failures="0" tests="3" name="tasktracker.tests.login.homepage.AddNewTaskTest" time="28.208" errors="0" timestamp="2025-04-30T14:40:29 PKT" skipped="0">
  <testcase classname="tasktracker.tests.login.homepage.AddNewTaskTest" name="testNewTask" time="9.282"/>
  <testcase classname="tasktracker.tests.login.homepage.AddNewTaskTest" name="testNewTask" time="9.385"/>
  <testcase classname="tasktracker.tests.login.homepage.AddNewTaskTest" name="testNewTask" time="9.541"/>
</testsuite> <!-- tasktracker.tests.login.homepage.AddNewTaskTest -->
